<?xml version="1.0" encoding="UTF-8"?>
<testng-results skipped="0" failed="0" ignored="0" total="1" passed="1">
  <reporter-output>
  </reporter-output>
  <suite name="All Test Suite" duration-ms="92062" started-at="2021-06-14T21:06:23 IST" finished-at="2021-06-14T21:07:55 IST">
    <groups>
    </groups>
    <test name="C:/Users/kalam/IdeaProjects/SavaariAutomation/src/test/java/com/bridgelabz/savaari/test/SavaariTest.java" duration-ms="92062" started-at="2021-06-14T21:06:23 IST" finished-at="2021-06-14T21:07:55 IST">
      <class name="com.bridgelabz.savaari.test.SavaariTest">
        <test-method status="PASS" signature="setUp(java.lang.String)[pri:0, instance:com.bridgelabz.savaari.test.SavaariTest@659eef7]" name="setUp" is-config="true" duration-ms="19737" started-at="2021-06-14T21:06:23 IST" finished-at="2021-06-14T21:06:43 IST">
          <params>
            <param index="0">
              <value>
                <![CDATA[chrome]]>
              </value>
            </param>
          </params>
          <reporter-output>
          </reporter-output>
        </test-method> <!-- setUp -->
        <test-method status="PASS" signature="startTest()[pri:0, instance:com.bridgelabz.savaari.test.SavaariTest@659eef7]" name="startTest" is-config="true" duration-ms="16" started-at="2021-06-14T21:06:43 IST" finished-at="2021-06-14T21:06:43 IST">
          <reporter-output>
          </reporter-output>
        </test-method> <!-- startTest -->
        <test-method status="PASS" signature="fillFormForETicket()[pri:0, instance:com.bridgelabz.savaari.test.SavaariTest@659eef7]" name="fillFormForETicket" duration-ms="70594" started-at="2021-06-14T21:06:43 IST" finished-at="2021-06-14T21:07:54 IST">
          <reporter-output>
          </reporter-output>
        </test-method> <!-- fillFormForETicket -->
        <test-method status="PASS" signature="endTest()[pri:0, instance:com.bridgelabz.savaari.test.SavaariTest@659eef7]" name="endTest" is-config="true" duration-ms="1075" started-at="2021-06-14T21:07:54 IST" finished-at="2021-06-14T21:07:55 IST">
          <reporter-output>
          </reporter-output>
        </test-method> <!-- endTest -->
        <test-method status="FAIL" signature="tearDown()[pri:0, instance:com.bridgelabz.savaari.test.SavaariTest@659eef7]" name="tearDown" is-config="true" duration-ms="219" started-at="2021-06-14T21:07:55 IST" finished-at="2021-06-14T21:07:55 IST">
          <exception class="java.lang.NoClassDefFoundError">
            <message>
              <![CDATA[org/apache/xmlbeans/XmlObject]]>
            </message>
            <full-stacktrace>
              <![CDATA[java.lang.NoClassDefFoundError: org/apache/xmlbeans/XmlObject
at org.automationtesting.excelreport.Xl.generateReport(Xl.java:60)
at com.bridgelabz.savaari.utility.GenerateExcelReport.generateExcelReport(GenerateExcelReport.java:8)
at com.bridgelabz.savaari.base.Base.tearDown(Base.java:60)
at sun.reflect.NativeMethodAccessorImpl.invoke0(Native Method)
at sun.reflect.NativeMethodAccessorImpl.invoke(NativeMethodAccessorImpl.java:62)
at sun.reflect.DelegatingMethodAccessorImpl.invoke(DelegatingMethodAccessorImpl.java:43)
at java.lang.reflect.Method.invoke(Method.java:498)
at org.testng.internal.MethodInvocationHelper.invokeMethod(MethodInvocationHelper.java:134)
at org.testng.internal.MethodInvocationHelper.invokeMethodConsideringTimeout(MethodInvocationHelper.java:63)
at org.testng.internal.ConfigInvoker.invokeConfigurationMethod(ConfigInvoker.java:348)
at org.testng.internal.ConfigInvoker.invokeConfigurations(ConfigInvoker.java:302)
at org.testng.TestRunner.invokeTestConfigurations(TestRunner.java:619)
at org.testng.TestRunner.afterRun(TestRunner.java:849)
at org.testng.TestRunner.run(TestRunner.java:590)
at org.testng.SuiteRunner.runTest(SuiteRunner.java:384)
at org.testng.SuiteRunner.runSequentially(SuiteRunner.java:378)
at org.testng.SuiteRunner.privateRun(SuiteRunner.java:337)
at org.testng.SuiteRunner.run(SuiteRunner.java:286)
at org.testng.SuiteRunnerWorker.runSuite(SuiteRunnerWorker.java:53)
at org.testng.SuiteRunnerWorker.run(SuiteRunnerWorker.java:96)
at org.testng.TestNG.runSuitesSequentially(TestNG.java:1187)
at org.testng.TestNG.runSuitesLocally(TestNG.java:1109)
at org.testng.TestNG.runSuites(TestNG.java:1039)
at org.testng.TestNG.run(TestNG.java:1007)
at com.intellij.rt.testng.IDEARemoteTestNG.run(IDEARemoteTestNG.java:66)
at com.intellij.rt.testng.RemoteTestNGStarter.main(RemoteTestNGStarter.java:109)
Caused by: java.lang.ClassNotFoundException: org.apache.xmlbeans.XmlObject
at java.net.URLClassLoader.findClass(URLClassLoader.java:382)
at java.lang.ClassLoader.loadClass(ClassLoader.java:418)
at sun.misc.Launcher$AppClassLoader.loadClass(Launcher.java:355)
at java.lang.ClassLoader.loadClass(ClassLoader.java:351)
... 26 more
]]>
            </full-stacktrace>
          </exception> <!-- java.lang.NoClassDefFoundError -->
          <reporter-output>
          </reporter-output>
        </test-method> <!-- tearDown -->
      </class> <!-- com.bridgelabz.savaari.test.SavaariTest -->
    </test> <!-- C:/Users/kalam/IdeaProjects/SavaariAutomation/src/test/java/com/bridgelabz/savaari/test/SavaariTest.java -->
  </suite> <!-- All Test Suite -->
</testng-results>
